<component name="libraryTable">
  <library name="junit-4.13">
    <CLASSES>
      <root url="jar://D:/Sekolah QA/Selenium/junit-4.13.jar!/" />
    </CLASSES>
    <JAVADOC />
    <SOURCES />
  </library>
</component>